  System.cpp
c:\users\sai ganesh\desktop\github\physically-based-modelling\02 particle_polygon_collision\particle_systems\system.h(22): warning C4305: 'initializing': truncation from 'double' to 'float'
c:\users\sai ganesh\desktop\github\physically-based-modelling\02 particle_polygon_collision\particle_systems\system.cpp(25): warning C4244: '=': conversion from 'double' to 'float', possible loss of data
c:\users\sai ganesh\desktop\github\physically-based-modelling\02 particle_polygon_collision\particle_systems\system.cpp(26): warning C4244: '=': conversion from 'double' to 'float', possible loss of data
c:\users\sai ganesh\desktop\github\physically-based-modelling\02 particle_polygon_collision\particle_systems\system.cpp(27): warning C4244: '=': conversion from 'double' to 'float', possible loss of data
c:\users\sai ganesh\desktop\github\physically-based-modelling\02 particle_polygon_collision\particle_systems\system.cpp(43): warning C4244: '=': conversion from 'double' to 'float', possible loss of data
c:\users\sai ganesh\desktop\github\physically-based-modelling\02 particle_polygon_collision\particle_systems\system.cpp(80): warning C4244: '=': conversion from 'double' to 'float', possible loss of data
c:\users\sai ganesh\desktop\github\physically-based-modelling\02 particle_polygon_collision\particle_systems\system.cpp(81): warning C4244: '=': conversion from 'double' to 'float', possible loss of data
c:\users\sai ganesh\desktop\github\physically-based-modelling\02 particle_polygon_collision\particle_systems\system.cpp(125): warning C4244: '=': conversion from 'double' to 'float', possible loss of data
c:\users\sai ganesh\desktop\github\physically-based-modelling\02 particle_polygon_collision\particle_systems\system.cpp(126): warning C4244: '=': conversion from 'double' to 'float', possible loss of data
c:\users\sai ganesh\desktop\github\physically-based-modelling\02 particle_polygon_collision\particle_systems\system.cpp(127): warning C4244: '=': conversion from 'double' to 'float', possible loss of data
c:\users\sai ganesh\desktop\github\physically-based-modelling\02 particle_polygon_collision\particle_systems\system.cpp(103): warning C4101: 'tangent_vector': unreferenced local variable
  Source.cpp
c:\users\sai ganesh\desktop\github\physically-based-modelling\02 particle_polygon_collision\particle_systems\source.cpp(53): warning C4838: conversion from 'double' to 'GLfloat' requires a narrowing conversion
c:\users\sai ganesh\desktop\github\physically-based-modelling\02 particle_polygon_collision\particle_systems\source.cpp(55): warning C4838: conversion from 'double' to 'GLfloat' requires a narrowing conversion
c:\users\sai ganesh\desktop\github\physically-based-modelling\02 particle_polygon_collision\particle_systems\source.cpp(56): warning C4838: conversion from 'double' to 'GLfloat' requires a narrowing conversion
c:\users\sai ganesh\desktop\github\physically-based-modelling\02 particle_polygon_collision\particle_systems\source.cpp(57): warning C4838: conversion from 'double' to 'GLfloat' requires a narrowing conversion
c:\users\sai ganesh\desktop\github\physically-based-modelling\02 particle_polygon_collision\particle_systems\source.cpp(58): warning C4838: conversion from 'double' to 'GLfloat' requires a narrowing conversion
c:\users\sai ganesh\desktop\github\physically-based-modelling\02 particle_polygon_collision\particle_systems\source.cpp(59): warning C4838: conversion from 'double' to 'GLfloat' requires a narrowing conversion
c:\users\sai ganesh\desktop\github\physically-based-modelling\02 particle_polygon_collision\particle_systems\source.cpp(60): warning C4838: conversion from 'double' to 'GLfloat' requires a narrowing conversion
c:\users\sai ganesh\desktop\github\physically-based-modelling\02 particle_polygon_collision\particle_systems\source.cpp(62): warning C4838: conversion from 'double' to 'GLfloat' requires a narrowing conversion
c:\users\sai ganesh\desktop\github\physically-based-modelling\02 particle_polygon_collision\particle_systems\source.cpp(63): warning C4838: conversion from 'double' to 'GLfloat' requires a narrowing conversion
c:\users\sai ganesh\desktop\github\physically-based-modelling\02 particle_polygon_collision\particle_systems\source.cpp(65): warning C4838: conversion from 'double' to 'GLfloat' requires a narrowing conversion
c:\users\sai ganesh\desktop\github\physically-based-modelling\02 particle_polygon_collision\particle_systems\source.cpp(66): warning C4838: conversion from 'double' to 'GLfloat' requires a narrowing conversion
c:\users\sai ganesh\desktop\github\physically-based-modelling\02 particle_polygon_collision\particle_systems\source.cpp(67): warning C4838: conversion from 'double' to 'GLfloat' requires a narrowing conversion
c:\users\sai ganesh\desktop\github\physically-based-modelling\02 particle_polygon_collision\particle_systems\source.cpp(160): warning C4838: conversion from 'double' to 'GLfloat' requires a narrowing conversion
c:\users\sai ganesh\desktop\github\physically-based-modelling\02 particle_polygon_collision\particle_systems\source.cpp(234): warning C4838: conversion from 'double' to 'GLfloat' requires a narrowing conversion
c:\users\sai ganesh\desktop\github\physically-based-modelling\02 particle_polygon_collision\particle_systems\source.cpp(300): warning C4018: '<': signed/unsigned mismatch
c:\users\sai ganesh\desktop\github\physically-based-modelling\02 particle_polygon_collision\particle_systems\source.cpp(306): warning C4018: '<': signed/unsigned mismatch
c:\users\sai ganesh\desktop\github\physically-based-modelling\02 particle_polygon_collision\particle_systems\source.cpp(396): warning C4101: 'SubMenu4': unreferenced local variable
c:\users\sai ganesh\desktop\github\physically-based-modelling\02 particle_polygon_collision\particle_systems\source.cpp(396): warning C4101: 'SubMenu1': unreferenced local variable
c:\users\sai ganesh\desktop\github\physically-based-modelling\02 particle_polygon_collision\particle_systems\source.cpp(396): warning C4101: 'SubMenu3': unreferenced local variable
c:\users\sai ganesh\desktop\github\physically-based-modelling\02 particle_polygon_collision\particle_systems\source.cpp(396): warning C4101: 'SubMenu2': unreferenced local variable
  Particle.cpp
  objloader.cpp
c:\users\sai ganesh\desktop\github\physically-based-modelling\02 particle_polygon_collision\particle_systems\objloader.cpp(230): warning C4101: 'normalIndex': unreferenced local variable
  geometry.cpp
  Generating Code...
  Particle_Systems.vcxproj -> C:\Users\Sai Ganesh\Desktop\GitHub\Physically-based-modelling\02 Particle_Polygon_Collision\Debug\Particle_Systems.exe
  Particle_Systems.vcxproj -> C:\Users\Sai Ganesh\Desktop\GitHub\Physically-based-modelling\02 Particle_Polygon_Collision\Debug\Particle_Systems.pdb (Partial PDB)
