  System.cpp
c:\users\sai ganesh\desktop\github\physically-based-modelling\02 particle_fireworks\particle_systems\system.cpp(221): warning C4101: 'tangent_vector': unreferenced local variable
  Source.cpp
c:\users\sai ganesh\desktop\github\physically-based-modelling\02 particle_fireworks\particle_systems\source.cpp(51): warning C4838: conversion from 'double' to 'GLfloat' requires a narrowing conversion
c:\users\sai ganesh\desktop\github\physically-based-modelling\02 particle_fireworks\particle_systems\source.cpp(53): warning C4838: conversion from 'double' to 'GLfloat' requires a narrowing conversion
c:\users\sai ganesh\desktop\github\physically-based-modelling\02 particle_fireworks\particle_systems\source.cpp(54): warning C4838: conversion from 'double' to 'GLfloat' requires a narrowing conversion
c:\users\sai ganesh\desktop\github\physically-based-modelling\02 particle_fireworks\particle_systems\source.cpp(55): warning C4838: conversion from 'double' to 'GLfloat' requires a narrowing conversion
c:\users\sai ganesh\desktop\github\physically-based-modelling\02 particle_fireworks\particle_systems\source.cpp(56): warning C4838: conversion from 'double' to 'GLfloat' requires a narrowing conversion
c:\users\sai ganesh\desktop\github\physically-based-modelling\02 particle_fireworks\particle_systems\source.cpp(57): warning C4838: conversion from 'double' to 'GLfloat' requires a narrowing conversion
c:\users\sai ganesh\desktop\github\physically-based-modelling\02 particle_fireworks\particle_systems\source.cpp(58): warning C4838: conversion from 'double' to 'GLfloat' requires a narrowing conversion
c:\users\sai ganesh\desktop\github\physically-based-modelling\02 particle_fireworks\particle_systems\source.cpp(60): warning C4838: conversion from 'double' to 'GLfloat' requires a narrowing conversion
c:\users\sai ganesh\desktop\github\physically-based-modelling\02 particle_fireworks\particle_systems\source.cpp(61): warning C4838: conversion from 'double' to 'GLfloat' requires a narrowing conversion
c:\users\sai ganesh\desktop\github\physically-based-modelling\02 particle_fireworks\particle_systems\source.cpp(63): warning C4838: conversion from 'double' to 'GLfloat' requires a narrowing conversion
c:\users\sai ganesh\desktop\github\physically-based-modelling\02 particle_fireworks\particle_systems\source.cpp(64): warning C4838: conversion from 'double' to 'GLfloat' requires a narrowing conversion
c:\users\sai ganesh\desktop\github\physically-based-modelling\02 particle_fireworks\particle_systems\source.cpp(65): warning C4838: conversion from 'double' to 'GLfloat' requires a narrowing conversion
c:\users\sai ganesh\desktop\github\physically-based-modelling\02 particle_fireworks\particle_systems\source.cpp(143): warning C4838: conversion from 'double' to 'GLfloat' requires a narrowing conversion
c:\users\sai ganesh\desktop\github\physically-based-modelling\02 particle_fireworks\particle_systems\source.cpp(230): warning C4838: conversion from 'double' to 'GLfloat' requires a narrowing conversion
c:\users\sai ganesh\desktop\github\physically-based-modelling\02 particle_fireworks\particle_systems\source.cpp(246): warning C4838: conversion from 'double' to 'GLfloat' requires a narrowing conversion
c:\users\sai ganesh\desktop\github\physically-based-modelling\02 particle_fireworks\particle_systems\source.cpp(262): warning C4018: '<': signed/unsigned mismatch
c:\users\sai ganesh\desktop\github\physically-based-modelling\02 particle_fireworks\particle_systems\source.cpp(267): warning C4018: '<': signed/unsigned mismatch
c:\users\sai ganesh\desktop\github\physically-based-modelling\02 particle_fireworks\particle_systems\source.cpp(440): warning C4101: 'SubMenu4': unreferenced local variable
c:\users\sai ganesh\desktop\github\physically-based-modelling\02 particle_fireworks\particle_systems\source.cpp(440): warning C4101: 'SubMenu1': unreferenced local variable
c:\users\sai ganesh\desktop\github\physically-based-modelling\02 particle_fireworks\particle_systems\source.cpp(440): warning C4101: 'SubMenu3': unreferenced local variable
c:\users\sai ganesh\desktop\github\physically-based-modelling\02 particle_fireworks\particle_systems\source.cpp(440): warning C4101: 'SubMenu2': unreferenced local variable
  Generating Code...
  Particle_Systems.vcxproj -> C:\Users\Sai Ganesh\Desktop\GitHub\Physically-based-modelling\02 Particle_FireWorks\Debug\Particle_Systems.exe
  Particle_Systems.vcxproj -> C:\Users\Sai Ganesh\Desktop\GitHub\Physically-based-modelling\02 Particle_FireWorks\Debug\Particle_Systems.pdb (Partial PDB)
