  Source.cpp
c:\users\sai ganesh\desktop\github\physically-based-modelling\02 particle_generation_methods\particle_systems\source.cpp(50): warning C4838: conversion from 'double' to 'GLfloat' requires a narrowing conversion
c:\users\sai ganesh\desktop\github\physically-based-modelling\02 particle_generation_methods\particle_systems\source.cpp(52): warning C4838: conversion from 'double' to 'GLfloat' requires a narrowing conversion
c:\users\sai ganesh\desktop\github\physically-based-modelling\02 particle_generation_methods\particle_systems\source.cpp(53): warning C4838: conversion from 'double' to 'GLfloat' requires a narrowing conversion
c:\users\sai ganesh\desktop\github\physically-based-modelling\02 particle_generation_methods\particle_systems\source.cpp(54): warning C4838: conversion from 'double' to 'GLfloat' requires a narrowing conversion
c:\users\sai ganesh\desktop\github\physically-based-modelling\02 particle_generation_methods\particle_systems\source.cpp(55): warning C4838: conversion from 'double' to 'GLfloat' requires a narrowing conversion
c:\users\sai ganesh\desktop\github\physically-based-modelling\02 particle_generation_methods\particle_systems\source.cpp(56): warning C4838: conversion from 'double' to 'GLfloat' requires a narrowing conversion
c:\users\sai ganesh\desktop\github\physically-based-modelling\02 particle_generation_methods\particle_systems\source.cpp(57): warning C4838: conversion from 'double' to 'GLfloat' requires a narrowing conversion
c:\users\sai ganesh\desktop\github\physically-based-modelling\02 particle_generation_methods\particle_systems\source.cpp(59): warning C4838: conversion from 'double' to 'GLfloat' requires a narrowing conversion
c:\users\sai ganesh\desktop\github\physically-based-modelling\02 particle_generation_methods\particle_systems\source.cpp(60): warning C4838: conversion from 'double' to 'GLfloat' requires a narrowing conversion
c:\users\sai ganesh\desktop\github\physically-based-modelling\02 particle_generation_methods\particle_systems\source.cpp(62): warning C4838: conversion from 'double' to 'GLfloat' requires a narrowing conversion
c:\users\sai ganesh\desktop\github\physically-based-modelling\02 particle_generation_methods\particle_systems\source.cpp(63): warning C4838: conversion from 'double' to 'GLfloat' requires a narrowing conversion
c:\users\sai ganesh\desktop\github\physically-based-modelling\02 particle_generation_methods\particle_systems\source.cpp(64): warning C4838: conversion from 'double' to 'GLfloat' requires a narrowing conversion
c:\users\sai ganesh\desktop\github\physically-based-modelling\02 particle_generation_methods\particle_systems\source.cpp(142): warning C4838: conversion from 'double' to 'GLfloat' requires a narrowing conversion
c:\users\sai ganesh\desktop\github\physically-based-modelling\02 particle_generation_methods\particle_systems\source.cpp(229): warning C4838: conversion from 'double' to 'GLfloat' requires a narrowing conversion
c:\users\sai ganesh\desktop\github\physically-based-modelling\02 particle_generation_methods\particle_systems\source.cpp(245): warning C4838: conversion from 'double' to 'GLfloat' requires a narrowing conversion
c:\users\sai ganesh\desktop\github\physically-based-modelling\02 particle_generation_methods\particle_systems\source.cpp(261): warning C4018: '<': signed/unsigned mismatch
c:\users\sai ganesh\desktop\github\physically-based-modelling\02 particle_generation_methods\particle_systems\source.cpp(266): warning C4018: '<': signed/unsigned mismatch
c:\users\sai ganesh\desktop\github\physically-based-modelling\02 particle_generation_methods\particle_systems\source.cpp(426): warning C4101: 'SubMenu4': unreferenced local variable
c:\users\sai ganesh\desktop\github\physically-based-modelling\02 particle_generation_methods\particle_systems\source.cpp(426): warning C4101: 'SubMenu1': unreferenced local variable
c:\users\sai ganesh\desktop\github\physically-based-modelling\02 particle_generation_methods\particle_systems\source.cpp(426): warning C4101: 'SubMenu3': unreferenced local variable
c:\users\sai ganesh\desktop\github\physically-based-modelling\02 particle_generation_methods\particle_systems\source.cpp(426): warning C4101: 'SubMenu2': unreferenced local variable
  Particle.cpp
  Generating Code...
  Particle_Systems.vcxproj -> C:\Users\Sai Ganesh\Desktop\GitHub\Physically-based-modelling\02 Particle_Generation_Methods\Debug\Particle_Systems.exe
  Particle_Systems.vcxproj -> C:\Users\Sai Ganesh\Desktop\GitHub\Physically-based-modelling\02 Particle_Generation_Methods\Debug\Particle_Systems.pdb (Partial PDB)
