  Source.cpp
c:\users\sai3097ganesh\documents\github\physically-based-modelling\01 ballbouncing_simloop\ballbouncing\source.cpp(47): warning C4838: conversion from 'double' to 'GLfloat' requires a narrowing conversion
c:\users\sai3097ganesh\documents\github\physically-based-modelling\01 ballbouncing_simloop\ballbouncing\source.cpp(49): warning C4838: conversion from 'double' to 'GLfloat' requires a narrowing conversion
c:\users\sai3097ganesh\documents\github\physically-based-modelling\01 ballbouncing_simloop\ballbouncing\source.cpp(50): warning C4838: conversion from 'double' to 'GLfloat' requires a narrowing conversion
c:\users\sai3097ganesh\documents\github\physically-based-modelling\01 ballbouncing_simloop\ballbouncing\source.cpp(51): warning C4838: conversion from 'double' to 'GLfloat' requires a narrowing conversion
c:\users\sai3097ganesh\documents\github\physically-based-modelling\01 ballbouncing_simloop\ballbouncing\source.cpp(52): warning C4838: conversion from 'double' to 'GLfloat' requires a narrowing conversion
c:\users\sai3097ganesh\documents\github\physically-based-modelling\01 ballbouncing_simloop\ballbouncing\source.cpp(53): warning C4838: conversion from 'double' to 'GLfloat' requires a narrowing conversion
c:\users\sai3097ganesh\documents\github\physically-based-modelling\01 ballbouncing_simloop\ballbouncing\source.cpp(54): warning C4838: conversion from 'double' to 'GLfloat' requires a narrowing conversion
c:\users\sai3097ganesh\documents\github\physically-based-modelling\01 ballbouncing_simloop\ballbouncing\source.cpp(56): warning C4838: conversion from 'double' to 'GLfloat' requires a narrowing conversion
c:\users\sai3097ganesh\documents\github\physically-based-modelling\01 ballbouncing_simloop\ballbouncing\source.cpp(57): warning C4838: conversion from 'double' to 'GLfloat' requires a narrowing conversion
c:\users\sai3097ganesh\documents\github\physically-based-modelling\01 ballbouncing_simloop\ballbouncing\source.cpp(59): warning C4838: conversion from 'double' to 'GLfloat' requires a narrowing conversion
c:\users\sai3097ganesh\documents\github\physically-based-modelling\01 ballbouncing_simloop\ballbouncing\source.cpp(60): warning C4838: conversion from 'double' to 'GLfloat' requires a narrowing conversion
c:\users\sai3097ganesh\documents\github\physically-based-modelling\01 ballbouncing_simloop\ballbouncing\source.cpp(61): warning C4838: conversion from 'double' to 'GLfloat' requires a narrowing conversion
c:\users\sai3097ganesh\documents\github\physically-based-modelling\01 ballbouncing_simloop\ballbouncing\source.cpp(155): warning C4838: conversion from 'double' to 'GLfloat' requires a narrowing conversion
c:\users\sai3097ganesh\documents\github\physically-based-modelling\01 ballbouncing_simloop\ballbouncing\source.cpp(216): warning C4838: conversion from 'double' to 'GLfloat' requires a narrowing conversion
c:\users\sai3097ganesh\documents\github\physically-based-modelling\01 ballbouncing_simloop\ballbouncing\source.cpp(549): warning C4473: 'scanf_s' : not enough arguments passed for format string
  c:\users\sai3097ganesh\documents\github\physically-based-modelling\01 ballbouncing_simloop\ballbouncing\source.cpp(549): note: placeholders and their parameters expect 2 variadic arguments, but 1 were provided
  c:\users\sai3097ganesh\documents\github\physically-based-modelling\01 ballbouncing_simloop\ballbouncing\source.cpp(549): note: the missing variadic argument 2 is required by format string '%c'
  c:\users\sai3097ganesh\documents\github\physically-based-modelling\01 ballbouncing_simloop\ballbouncing\source.cpp(549): note: this argument is used as a buffer size
c:\users\sai3097ganesh\documents\github\physically-based-modelling\01 ballbouncing_simloop\ballbouncing\source.cpp(588): warning C4473: 'printf' : not enough arguments passed for format string
  c:\users\sai3097ganesh\documents\github\physically-based-modelling\01 ballbouncing_simloop\ballbouncing\source.cpp(588): note: placeholders and their parameters expect 1 variadic arguments, but 0 were provided
  c:\users\sai3097ganesh\documents\github\physically-based-modelling\01 ballbouncing_simloop\ballbouncing\source.cpp(588): note: the missing variadic argument 1 is required by format string '%d'
c:\users\sai3097ganesh\documents\github\physically-based-modelling\01 ballbouncing_simloop\ballbouncing\source.cpp(565): warning C4101: 'SubMenu4': unreferenced local variable
c:\users\sai3097ganesh\documents\github\physically-based-modelling\01 ballbouncing_simloop\ballbouncing\source.cpp(565): warning C4101: 'SubMenu1': unreferenced local variable
c:\users\sai3097ganesh\documents\github\physically-based-modelling\01 ballbouncing_simloop\ballbouncing\source.cpp(565): warning C4101: 'SubMenu3': unreferenced local variable
c:\users\sai3097ganesh\documents\github\physically-based-modelling\01 ballbouncing_simloop\ballbouncing\source.cpp(565): warning C4101: 'SubMenu2': unreferenced local variable
  ball.cpp
  Generating Code...
  BallBouncing.vcxproj -> C:\Users\sai3097ganesh\Documents\GitHub\Physically-based-modelling\01 BallBouncing_SimLoop\Debug\BallBouncing.exe
  BallBouncing.vcxproj -> C:\Users\sai3097ganesh\Documents\GitHub\Physically-based-modelling\01 BallBouncing_SimLoop\Debug\BallBouncing.pdb (Partial PDB)
