  System.cpp
c:\users\sai3097ganesh\documents\github\physically-based-modelling\particle_systems\particle_systems\system.h(15): warning C4305: 'initializing': truncation from 'double' to 'float'
c:\users\sai3097ganesh\documents\github\physically-based-modelling\particle_systems\particle_systems\system.cpp(82): warning C4244: '=': conversion from 'double' to 'float', possible loss of data
c:\users\sai3097ganesh\documents\github\physically-based-modelling\particle_systems\particle_systems\system.cpp(84): error C2668: 'abs': ambiguous call to overloaded function
  c:\program files (x86)\windows kits\10\include\10.0.10240.0\ucrt\stdlib.h(359): note: could be '__int64 abs(const __int64) throw()'
  c:\program files (x86)\windows kits\10\include\10.0.10240.0\ucrt\stdlib.h(354): note: or       'long abs(const long) throw()'
  c:\program files (x86)\windows kits\10\include\10.0.10240.0\ucrt\math.h(454): note: or       'int abs(int)'
  c:\users\sai3097ganesh\documents\github\physically-based-modelling\particle_systems\particle_systems\system.cpp(84): note: while trying to match the argument list '(float)'
c:\users\sai3097ganesh\documents\github\physically-based-modelling\particle_systems\particle_systems\system.cpp(85): error C2668: 'abs': ambiguous call to overloaded function
  c:\program files (x86)\windows kits\10\include\10.0.10240.0\ucrt\stdlib.h(359): note: could be '__int64 abs(const __int64) throw()'
  c:\program files (x86)\windows kits\10\include\10.0.10240.0\ucrt\stdlib.h(354): note: or       'long abs(const long) throw()'
  c:\program files (x86)\windows kits\10\include\10.0.10240.0\ucrt\math.h(454): note: or       'int abs(int)'
  c:\users\sai3097ganesh\documents\github\physically-based-modelling\particle_systems\particle_systems\system.cpp(85): note: while trying to match the argument list '(float)'
c:\users\sai3097ganesh\documents\github\physically-based-modelling\particle_systems\particle_systems\system.cpp(97): warning C4244: '=': conversion from 'double' to 'float', possible loss of data
c:\users\sai3097ganesh\documents\github\physically-based-modelling\particle_systems\particle_systems\system.cpp(99): error C2668: 'abs': ambiguous call to overloaded function
  c:\program files (x86)\windows kits\10\include\10.0.10240.0\ucrt\stdlib.h(359): note: could be '__int64 abs(const __int64) throw()'
  c:\program files (x86)\windows kits\10\include\10.0.10240.0\ucrt\stdlib.h(354): note: or       'long abs(const long) throw()'
  c:\program files (x86)\windows kits\10\include\10.0.10240.0\ucrt\math.h(454): note: or       'int abs(int)'
  c:\users\sai3097ganesh\documents\github\physically-based-modelling\particle_systems\particle_systems\system.cpp(99): note: while trying to match the argument list '(float)'
c:\users\sai3097ganesh\documents\github\physically-based-modelling\particle_systems\particle_systems\system.cpp(100): error C2668: 'abs': ambiguous call to overloaded function
  c:\program files (x86)\windows kits\10\include\10.0.10240.0\ucrt\stdlib.h(359): note: could be '__int64 abs(const __int64) throw()'
  c:\program files (x86)\windows kits\10\include\10.0.10240.0\ucrt\stdlib.h(354): note: or       'long abs(const long) throw()'
  c:\program files (x86)\windows kits\10\include\10.0.10240.0\ucrt\math.h(454): note: or       'int abs(int)'
  c:\users\sai3097ganesh\documents\github\physically-based-modelling\particle_systems\particle_systems\system.cpp(100): note: while trying to match the argument list '(float)'
c:\users\sai3097ganesh\documents\github\physically-based-modelling\particle_systems\particle_systems\system.cpp(112): warning C4244: '=': conversion from 'double' to 'float', possible loss of data
c:\users\sai3097ganesh\documents\github\physically-based-modelling\particle_systems\particle_systems\system.cpp(114): error C2668: 'abs': ambiguous call to overloaded function
  c:\program files (x86)\windows kits\10\include\10.0.10240.0\ucrt\stdlib.h(359): note: could be '__int64 abs(const __int64) throw()'
  c:\program files (x86)\windows kits\10\include\10.0.10240.0\ucrt\stdlib.h(354): note: or       'long abs(const long) throw()'
  c:\program files (x86)\windows kits\10\include\10.0.10240.0\ucrt\math.h(454): note: or       'int abs(int)'
  c:\users\sai3097ganesh\documents\github\physically-based-modelling\particle_systems\particle_systems\system.cpp(114): note: while trying to match the argument list '(float)'
c:\users\sai3097ganesh\documents\github\physically-based-modelling\particle_systems\particle_systems\system.cpp(115): error C2668: 'abs': ambiguous call to overloaded function
  c:\program files (x86)\windows kits\10\include\10.0.10240.0\ucrt\stdlib.h(359): note: could be '__int64 abs(const __int64) throw()'
  c:\program files (x86)\windows kits\10\include\10.0.10240.0\ucrt\stdlib.h(354): note: or       'long abs(const long) throw()'
  c:\program files (x86)\windows kits\10\include\10.0.10240.0\ucrt\math.h(454): note: or       'int abs(int)'
  c:\users\sai3097ganesh\documents\github\physically-based-modelling\particle_systems\particle_systems\system.cpp(115): note: while trying to match the argument list '(float)'
c:\users\sai3097ganesh\documents\github\physically-based-modelling\particle_systems\particle_systems\system.cpp(126): warning C4244: '=': conversion from 'double' to 'float', possible loss of data
c:\users\sai3097ganesh\documents\github\physically-based-modelling\particle_systems\particle_systems\system.cpp(128): error C2668: 'abs': ambiguous call to overloaded function
  c:\program files (x86)\windows kits\10\include\10.0.10240.0\ucrt\stdlib.h(359): note: could be '__int64 abs(const __int64) throw()'
  c:\program files (x86)\windows kits\10\include\10.0.10240.0\ucrt\stdlib.h(354): note: or       'long abs(const long) throw()'
  c:\program files (x86)\windows kits\10\include\10.0.10240.0\ucrt\math.h(454): note: or       'int abs(int)'
  c:\users\sai3097ganesh\documents\github\physically-based-modelling\particle_systems\particle_systems\system.cpp(128): note: while trying to match the argument list '(float)'
c:\users\sai3097ganesh\documents\github\physically-based-modelling\particle_systems\particle_systems\system.cpp(129): error C2668: 'abs': ambiguous call to overloaded function
  c:\program files (x86)\windows kits\10\include\10.0.10240.0\ucrt\stdlib.h(359): note: could be '__int64 abs(const __int64) throw()'
  c:\program files (x86)\windows kits\10\include\10.0.10240.0\ucrt\stdlib.h(354): note: or       'long abs(const long) throw()'
  c:\program files (x86)\windows kits\10\include\10.0.10240.0\ucrt\math.h(454): note: or       'int abs(int)'
  c:\users\sai3097ganesh\documents\github\physically-based-modelling\particle_systems\particle_systems\system.cpp(129): note: while trying to match the argument list '(float)'
c:\users\sai3097ganesh\documents\github\physically-based-modelling\particle_systems\particle_systems\system.cpp(140): warning C4244: '=': conversion from 'double' to 'float', possible loss of data
c:\users\sai3097ganesh\documents\github\physically-based-modelling\particle_systems\particle_systems\system.cpp(142): error C2668: 'abs': ambiguous call to overloaded function
  c:\program files (x86)\windows kits\10\include\10.0.10240.0\ucrt\stdlib.h(359): note: could be '__int64 abs(const __int64) throw()'
  c:\program files (x86)\windows kits\10\include\10.0.10240.0\ucrt\stdlib.h(354): note: or       'long abs(const long) throw()'
  c:\program files (x86)\windows kits\10\include\10.0.10240.0\ucrt\math.h(454): note: or       'int abs(int)'
  c:\users\sai3097ganesh\documents\github\physically-based-modelling\particle_systems\particle_systems\system.cpp(142): note: while trying to match the argument list '(float)'
c:\users\sai3097ganesh\documents\github\physically-based-modelling\particle_systems\particle_systems\system.cpp(143): error C2668: 'abs': ambiguous call to overloaded function
  c:\program files (x86)\windows kits\10\include\10.0.10240.0\ucrt\stdlib.h(359): note: could be '__int64 abs(const __int64) throw()'
  c:\program files (x86)\windows kits\10\include\10.0.10240.0\ucrt\stdlib.h(354): note: or       'long abs(const long) throw()'
  c:\program files (x86)\windows kits\10\include\10.0.10240.0\ucrt\math.h(454): note: or       'int abs(int)'
  c:\users\sai3097ganesh\documents\github\physically-based-modelling\particle_systems\particle_systems\system.cpp(143): note: while trying to match the argument list '(float)'
c:\users\sai3097ganesh\documents\github\physically-based-modelling\particle_systems\particle_systems\system.cpp(155): warning C4244: '=': conversion from 'double' to 'float', possible loss of data
c:\users\sai3097ganesh\documents\github\physically-based-modelling\particle_systems\particle_systems\system.cpp(157): error C2668: 'abs': ambiguous call to overloaded function
  c:\program files (x86)\windows kits\10\include\10.0.10240.0\ucrt\stdlib.h(359): note: could be '__int64 abs(const __int64) throw()'
  c:\program files (x86)\windows kits\10\include\10.0.10240.0\ucrt\stdlib.h(354): note: or       'long abs(const long) throw()'
  c:\program files (x86)\windows kits\10\include\10.0.10240.0\ucrt\math.h(454): note: or       'int abs(int)'
  c:\users\sai3097ganesh\documents\github\physically-based-modelling\particle_systems\particle_systems\system.cpp(157): note: while trying to match the argument list '(float)'
c:\users\sai3097ganesh\documents\github\physically-based-modelling\particle_systems\particle_systems\system.cpp(158): error C2668: 'abs': ambiguous call to overloaded function
  c:\program files (x86)\windows kits\10\include\10.0.10240.0\ucrt\stdlib.h(359): note: could be '__int64 abs(const __int64) throw()'
  c:\program files (x86)\windows kits\10\include\10.0.10240.0\ucrt\stdlib.h(354): note: or       'long abs(const long) throw()'
  c:\program files (x86)\windows kits\10\include\10.0.10240.0\ucrt\math.h(454): note: or       'int abs(int)'
  c:\users\sai3097ganesh\documents\github\physically-based-modelling\particle_systems\particle_systems\system.cpp(158): note: while trying to match the argument list '(float)'
  Source.cpp
c:\users\sai3097ganesh\documents\github\physically-based-modelling\particle_systems\particle_systems\source.cpp(48): warning C4838: conversion from 'double' to 'GLfloat' requires a narrowing conversion
c:\users\sai3097ganesh\documents\github\physically-based-modelling\particle_systems\particle_systems\source.cpp(50): warning C4838: conversion from 'double' to 'GLfloat' requires a narrowing conversion
c:\users\sai3097ganesh\documents\github\physically-based-modelling\particle_systems\particle_systems\source.cpp(51): warning C4838: conversion from 'double' to 'GLfloat' requires a narrowing conversion
c:\users\sai3097ganesh\documents\github\physically-based-modelling\particle_systems\particle_systems\source.cpp(52): warning C4838: conversion from 'double' to 'GLfloat' requires a narrowing conversion
c:\users\sai3097ganesh\documents\github\physically-based-modelling\particle_systems\particle_systems\source.cpp(53): warning C4838: conversion from 'double' to 'GLfloat' requires a narrowing conversion
c:\users\sai3097ganesh\documents\github\physically-based-modelling\particle_systems\particle_systems\source.cpp(54): warning C4838: conversion from 'double' to 'GLfloat' requires a narrowing conversion
c:\users\sai3097ganesh\documents\github\physically-based-modelling\particle_systems\particle_systems\source.cpp(55): warning C4838: conversion from 'double' to 'GLfloat' requires a narrowing conversion
c:\users\sai3097ganesh\documents\github\physically-based-modelling\particle_systems\particle_systems\source.cpp(57): warning C4838: conversion from 'double' to 'GLfloat' requires a narrowing conversion
c:\users\sai3097ganesh\documents\github\physically-based-modelling\particle_systems\particle_systems\source.cpp(58): warning C4838: conversion from 'double' to 'GLfloat' requires a narrowing conversion
c:\users\sai3097ganesh\documents\github\physically-based-modelling\particle_systems\particle_systems\source.cpp(60): warning C4838: conversion from 'double' to 'GLfloat' requires a narrowing conversion
c:\users\sai3097ganesh\documents\github\physically-based-modelling\particle_systems\particle_systems\source.cpp(61): warning C4838: conversion from 'double' to 'GLfloat' requires a narrowing conversion
c:\users\sai3097ganesh\documents\github\physically-based-modelling\particle_systems\particle_systems\source.cpp(62): warning C4838: conversion from 'double' to 'GLfloat' requires a narrowing conversion
c:\users\sai3097ganesh\documents\github\physically-based-modelling\particle_systems\particle_systems\source.cpp(153): warning C4838: conversion from 'double' to 'GLfloat' requires a narrowing conversion
c:\users\sai3097ganesh\documents\github\physically-based-modelling\particle_systems\particle_systems\source.cpp(222): warning C4838: conversion from 'double' to 'GLfloat' requires a narrowing conversion
c:\users\sai3097ganesh\documents\github\physically-based-modelling\particle_systems\particle_systems\source.cpp(307): error C2065: 'newPos': undeclared identifier
c:\users\sai3097ganesh\documents\github\physically-based-modelling\particle_systems\particle_systems\source.cpp(309): error C2065: 'timestepmain': undeclared identifier
c:\users\sai3097ganesh\documents\github\physically-based-modelling\particle_systems\particle_systems\source.cpp(319): error C2065: 'timestepmain': undeclared identifier
c:\users\sai3097ganesh\documents\github\physically-based-modelling\particle_systems\particle_systems\source.cpp(321): error C2065: 'newPos': undeclared identifier
c:\users\sai3097ganesh\documents\github\physically-based-modelling\particle_systems\particle_systems\source.cpp(323): error C2065: 'f': undeclared identifier
c:\users\sai3097ganesh\documents\github\physically-based-modelling\particle_systems\particle_systems\source.cpp(323): error C2065: 'newPos': undeclared identifier
c:\users\sai3097ganesh\documents\github\physically-based-modelling\particle_systems\particle_systems\source.cpp(324): error C2065: 'f': undeclared identifier
c:\users\sai3097ganesh\documents\github\physically-based-modelling\particle_systems\particle_systems\source.cpp(324): error C2065: 'd': undeclared identifier
c:\users\sai3097ganesh\documents\github\physically-based-modelling\particle_systems\particle_systems\source.cpp(324): error C2065: 'wind': undeclared identifier
c:\users\sai3097ganesh\documents\github\physically-based-modelling\particle_systems\particle_systems\source.cpp(326): error C2065: 'newPos': undeclared identifier
c:\users\sai3097ganesh\documents\github\physically-based-modelling\particle_systems\particle_systems\source.cpp(331): error C2065: 'mu': undeclared identifier
c:\users\sai3097ganesh\documents\github\physically-based-modelling\particle_systems\particle_systems\source.cpp(332): error C2065: 'mu': undeclared identifier
c:\users\sai3097ganesh\documents\github\physically-based-modelling\particle_systems\particle_systems\source.cpp(334): error C2065: 'timestepmain': undeclared identifier
c:\users\sai3097ganesh\documents\github\physically-based-modelling\particle_systems\particle_systems\source.cpp(334): error C2065: 'f': undeclared identifier
c:\users\sai3097ganesh\documents\github\physically-based-modelling\particle_systems\particle_systems\source.cpp(336): error C2065: 'newPos': undeclared identifier
c:\users\sai3097ganesh\documents\github\physically-based-modelling\particle_systems\particle_systems\source.cpp(338): error C2065: 'f': undeclared identifier
c:\users\sai3097ganesh\documents\github\physically-based-modelling\particle_systems\particle_systems\source.cpp(338): error C2065: 'newPos': undeclared identifier
c:\users\sai3097ganesh\documents\github\physically-based-modelling\particle_systems\particle_systems\source.cpp(339): error C2065: 'f': undeclared identifier
c:\users\sai3097ganesh\documents\github\physically-based-modelling\particle_systems\particle_systems\source.cpp(339): error C2065: 'd': undeclared identifier
c:\users\sai3097ganesh\documents\github\physically-based-modelling\particle_systems\particle_systems\source.cpp(339): error C2065: 'wind': undeclared identifier
c:\users\sai3097ganesh\documents\github\physically-based-modelling\particle_systems\particle_systems\source.cpp(341): error C2065: 'newPos': undeclared identifier
c:\users\sai3097ganesh\documents\github\physically-based-modelling\particle_systems\particle_systems\source.cpp(346): error C2065: 'mu': undeclared identifier
c:\users\sai3097ganesh\documents\github\physically-based-modelling\particle_systems\particle_systems\source.cpp(347): error C2065: 'mu': undeclared identifier
c:\users\sai3097ganesh\documents\github\physically-based-modelling\particle_systems\particle_systems\source.cpp(349): error C2065: 'timestepmain': undeclared identifier
c:\users\sai3097ganesh\documents\github\physically-based-modelling\particle_systems\particle_systems\source.cpp(349): error C2065: 'f': undeclared identifier
c:\users\sai3097ganesh\documents\github\physically-based-modelling\particle_systems\particle_systems\source.cpp(350): error C2065: 'timestepmain': undeclared identifier
c:\users\sai3097ganesh\documents\github\physically-based-modelling\particle_systems\particle_systems\source.cpp(352): error C2065: 'newPos': undeclared identifier
c:\users\sai3097ganesh\documents\github\physically-based-modelling\particle_systems\particle_systems\source.cpp(354): error C2065: 'f': undeclared identifier
c:\users\sai3097ganesh\documents\github\physically-based-modelling\particle_systems\particle_systems\source.cpp(354): error C2065: 'newPos': undeclared identifier
c:\users\sai3097ganesh\documents\github\physically-based-modelling\particle_systems\particle_systems\source.cpp(355): error C2065: 'f': undeclared identifier
c:\users\sai3097ganesh\documents\github\physically-based-modelling\particle_systems\particle_systems\source.cpp(355): error C2065: 'd': undeclared identifier
c:\users\sai3097ganesh\documents\github\physically-based-modelling\particle_systems\particle_systems\source.cpp(355): error C2065: 'wind': undeclared identifier
c:\users\sai3097ganesh\documents\github\physically-based-modelling\particle_systems\particle_systems\source.cpp(357): error C2065: 'newPos': undeclared identifier
c:\users\sai3097ganesh\documents\github\physically-based-modelling\particle_systems\particle_systems\source.cpp(362): error C2065: 'mu': undeclared identifier
c:\users\sai3097ganesh\documents\github\physically-based-modelling\particle_systems\particle_systems\source.cpp(363): error C2065: 'mu': undeclared identifier
c:\users\sai3097ganesh\documents\github\physically-based-modelling\particle_systems\particle_systems\source.cpp(365): error C2065: 'timestepmain': undeclared identifier
c:\users\sai3097ganesh\documents\github\physically-based-modelling\particle_systems\particle_systems\source.cpp(365): error C2065: 'f': undeclared identifier
c:\users\sai3097ganesh\documents\github\physically-based-modelling\particle_systems\particle_systems\source.cpp(366): error C2065: 'timestepmain': undeclared identifier
c:\users\sai3097ganesh\documents\github\physically-based-modelling\particle_systems\particle_systems\source.cpp(368): error C2065: 'newPos': undeclared identifier
c:\users\sai3097ganesh\documents\github\physically-based-modelling\particle_systems\particle_systems\source.cpp(369): error C2065: 'f': undeclared identifier
c:\users\sai3097ganesh\documents\github\physically-based-modelling\particle_systems\particle_systems\source.cpp(369): error C2065: 'newPos': undeclared identifier
c:\users\sai3097ganesh\documents\github\physically-based-modelling\particle_systems\particle_systems\source.cpp(370): error C2065: 'f': undeclared identifier
c:\users\sai3097ganesh\documents\github\physically-based-modelling\particle_systems\particle_systems\source.cpp(370): error C2065: 'd': undeclared identifier
c:\users\sai3097ganesh\documents\github\physically-based-modelling\particle_systems\particle_systems\source.cpp(370): error C2065: 'wind': undeclared identifier
c:\users\sai3097ganesh\documents\github\physically-based-modelling\particle_systems\particle_systems\source.cpp(372): error C2065: 'newPos': undeclared identifier
c:\users\sai3097ganesh\documents\github\physically-based-modelling\particle_systems\particle_systems\source.cpp(377): error C2065: 'mu': undeclared identifier
c:\users\sai3097ganesh\documents\github\physically-based-modelling\particle_systems\particle_systems\source.cpp(378): error C2065: 'mu': undeclared identifier
c:\users\sai3097ganesh\documents\github\physically-based-modelling\particle_systems\particle_systems\source.cpp(380): error C2065: 'timestepmain': undeclared identifier
c:\users\sai3097ganesh\documents\github\physically-based-modelling\particle_systems\particle_systems\source.cpp(380): error C2065: 'f': undeclared identifier
c:\users\sai3097ganesh\documents\github\physically-based-modelling\particle_systems\particle_systems\source.cpp(381): error C2065: 'timestepmain': undeclared identifier
c:\users\sai3097ganesh\documents\github\physically-based-modelling\particle_systems\particle_systems\source.cpp(383): error C2065: 'newPos': undeclared identifier
c:\users\sai3097ganesh\documents\github\physically-based-modelling\particle_systems\particle_systems\source.cpp(384): error C2065: 'f': undeclared identifier
c:\users\sai3097ganesh\documents\github\physically-based-modelling\particle_systems\particle_systems\source.cpp(384): error C2065: 'newPos': undeclared identifier
c:\users\sai3097ganesh\documents\github\physically-based-modelling\particle_systems\particle_systems\source.cpp(385): error C2065: 'f': undeclared identifier
c:\users\sai3097ganesh\documents\github\physically-based-modelling\particle_systems\particle_systems\source.cpp(385): error C2065: 'd': undeclared identifier
c:\users\sai3097ganesh\documents\github\physically-based-modelling\particle_systems\particle_systems\source.cpp(385): error C2065: 'wind': undeclared identifier
c:\users\sai3097ganesh\documents\github\physically-based-modelling\particle_systems\particle_systems\source.cpp(387): error C2065: 'newPos': undeclared identifier
c:\users\sai3097ganesh\documents\github\physically-based-modelling\particle_systems\particle_systems\source.cpp(392): error C2065: 'mu': undeclared identifier
c:\users\sai3097ganesh\documents\github\physically-based-modelling\particle_systems\particle_systems\source.cpp(393): error C2065: 'mu': undeclared identifier
c:\users\sai3097ganesh\documents\github\physically-based-modelling\particle_systems\particle_systems\source.cpp(395): error C2065: 'timestepmain': undeclared identifier
c:\users\sai3097ganesh\documents\github\physically-based-modelling\particle_systems\particle_systems\source.cpp(395): error C2065: 'f': undeclared identifier
c:\users\sai3097ganesh\documents\github\physically-based-modelling\particle_systems\particle_systems\source.cpp(396): error C2065: 'timestepmain': undeclared identifier
c:\users\sai3097ganesh\documents\github\physically-based-modelling\particle_systems\particle_systems\source.cpp(398): error C2065: 'newPos': undeclared identifier
c:\users\sai3097ganesh\documents\github\physically-based-modelling\particle_systems\particle_systems\source.cpp(399): error C2065: 'f': undeclared identifier
c:\users\sai3097ganesh\documents\github\physically-based-modelling\particle_systems\particle_systems\source.cpp(399): error C2065: 'newPos': undeclared identifier
c:\users\sai3097ganesh\documents\github\physically-based-modelling\particle_systems\particle_systems\source.cpp(400): error C2065: 'f': undeclared identifier
c:\users\sai3097ganesh\documents\github\physically-based-modelling\particle_systems\particle_systems\source.cpp(400): error C2065: 'd': undeclared identifier
c:\users\sai3097ganesh\documents\github\physically-based-modelling\particle_systems\particle_systems\source.cpp(400): error C2065: 'wind': undeclared identifier
c:\users\sai3097ganesh\documents\github\physically-based-modelling\particle_systems\particle_systems\source.cpp(402): error C2065: 'newPos': undeclared identifier
c:\users\sai3097ganesh\documents\github\physically-based-modelling\particle_systems\particle_systems\source.cpp(407): error C2065: 'mu': undeclared identifier
c:\users\sai3097ganesh\documents\github\physically-based-modelling\particle_systems\particle_systems\source.cpp(408): error C2065: 'mu': undeclared identifier
c:\users\sai3097ganesh\documents\github\physically-based-modelling\particle_systems\particle_systems\source.cpp(410): error C2065: 'timestepmain': undeclared identifier
c:\users\sai3097ganesh\documents\github\physically-based-modelling\particle_systems\particle_systems\source.cpp(410): error C2065: 'f': undeclared identifier
c:\users\sai3097ganesh\documents\github\physically-based-modelling\particle_systems\particle_systems\source.cpp(414): error C2065: 'timestepmain': undeclared identifier
c:\users\sai3097ganesh\documents\github\physically-based-modelling\particle_systems\particle_systems\source.cpp(417): error C2065: 'timestepmain': undeclared identifier
c:\users\sai3097ganesh\documents\github\physically-based-modelling\particle_systems\particle_systems\source.cpp(417): error C2065: 'd': undeclared identifier
c:\users\sai3097ganesh\documents\github\physically-based-modelling\particle_systems\particle_systems\source.cpp(417): error C2065: 'wind': undeclared identifier
c:\users\sai3097ganesh\documents\github\physically-based-modelling\particle_systems\particle_systems\source.cpp(419): error C2065: 'timestepmain': undeclared identifier
c:\users\sai3097ganesh\documents\github\physically-based-modelling\particle_systems\particle_systems\source.cpp(445): error C2065: 'timeTaken': undeclared identifier
c:\users\sai3097ganesh\documents\github\physically-based-modelling\particle_systems\particle_systems\source.cpp(447): error C2065: 'timeTaken': undeclared identifier
c:\users\sai3097ganesh\documents\github\physically-based-modelling\particle_systems\particle_systems\source.cpp(518): error C2065: 'wind': undeclared identifier
c:\users\sai3097ganesh\documents\github\physically-based-modelling\particle_systems\particle_systems\source.cpp(521): error C2065: 'wind': undeclared identifier
c:\users\sai3097ganesh\documents\github\physically-based-modelling\particle_systems\particle_systems\source.cpp(524): error C2065: 'wind': undeclared identifier
c:\users\sai3097ganesh\documents\github\physically-based-modelling\particle_systems\particle_systems\source.cpp(527): error C2065: 'wind': undeclared identifier
c:\users\sai3097ganesh\documents\github\physically-based-modelling\particle_systems\particle_systems\source.cpp(529): error C2065: 'wind': undeclared identifier
c:\users\sai3097ganesh\documents\github\physically-based-modelling\particle_systems\particle_systems\source.cpp(532): error C2065: 'wind': undeclared identifier
c:\users\sai3097ganesh\documents\github\physically-based-modelling\particle_systems\particle_systems\source.cpp(540): error C2065: 'wind': undeclared identifier
c:\users\sai3097ganesh\documents\github\physically-based-modelling\particle_systems\particle_systems\source.cpp(541): error C2065: 'wind': undeclared identifier
c:\users\sai3097ganesh\documents\github\physically-based-modelling\particle_systems\particle_systems\source.cpp(542): error C2065: 'wind': undeclared identifier
c:\users\sai3097ganesh\documents\github\physically-based-modelling\particle_systems\particle_systems\source.cpp(569): error C2065: 'wind': undeclared identifier
c:\users\sai3097ganesh\documents\github\physically-based-modelling\particle_systems\particle_systems\source.cpp(572): error C2065: 'wind': undeclared identifier
c:\users\sai3097ganesh\documents\github\physically-based-modelling\particle_systems\particle_systems\source.cpp(575): error C2065: 'wind': undeclared identifier
c:\users\sai3097ganesh\documents\github\physically-based-modelling\particle_systems\particle_systems\source.cpp(578): error C2065: 'wind': undeclared identifier
c:\users\sai3097ganesh\documents\github\physically-based-modelling\particle_systems\particle_systems\source.cpp(580): error C2065: 'wind': undeclared identifier
c:\users\sai3097ganesh\documents\github\physically-based-modelling\particle_systems\particle_systems\source.cpp(583): error C2065: 'wind': undeclared identifier
c:\users\sai3097ganesh\documents\github\physically-based-modelling\particle_systems\particle_systems\source.cpp(586): error C2065: 'wind': undeclared identifier
c:\users\sai3097ganesh\documents\github\physically-based-modelling\particle_systems\particle_systems\source.cpp(587): error C2065: 'wind': undeclared identifier
c:\users\sai3097ganesh\documents\github\physically-based-modelling\particle_systems\particle_systems\source.cpp(588): error C2065: 'wind': undeclared identifier
c:\users\sai3097ganesh\documents\github\physically-based-modelling\particle_systems\particle_systems\source.cpp(604): error C2065: 'd': undeclared identifier
c:\users\sai3097ganesh\documents\github\physically-based-modelling\particle_systems\particle_systems\source.cpp(606): error C2065: 'mu': undeclared identifier
c:\users\sai3097ganesh\documents\github\physically-based-modelling\particle_systems\particle_systems\source.cpp(598): warning C4473: 'scanf_s' : not enough arguments passed for format string
  c:\users\sai3097ganesh\documents\github\physically-based-modelling\particle_systems\particle_systems\source.cpp(598): note: placeholders and their parameters expect 2 variadic arguments, but 1 were provided
  c:\users\sai3097ganesh\documents\github\physically-based-modelling\particle_systems\particle_systems\source.cpp(598): note: the missing variadic argument 2 is required by format string '%c'
  c:\users\sai3097ganesh\documents\github\physically-based-modelling\particle_systems\particle_systems\source.cpp(598): note: this argument is used as a buffer size
  Particle.cpp
c:\users\sai3097ganesh\documents\github\physically-based-modelling\particle_systems\particle_systems\particle.cpp(34): warning C4244: 'argument': conversion from 'time_t' to 'unsigned int', possible loss of data
  Generating Code...
