  Source.cpp
c:\users\sai3097ganesh\documents\github\physically-based-modelling\ballbouncing_simloop\ballbouncing\source.cpp(47): warning C4838: conversion from 'double' to 'GLfloat' requires a narrowing conversion
c:\users\sai3097ganesh\documents\github\physically-based-modelling\ballbouncing_simloop\ballbouncing\source.cpp(49): warning C4838: conversion from 'double' to 'GLfloat' requires a narrowing conversion
c:\users\sai3097ganesh\documents\github\physically-based-modelling\ballbouncing_simloop\ballbouncing\source.cpp(50): warning C4838: conversion from 'double' to 'GLfloat' requires a narrowing conversion
c:\users\sai3097ganesh\documents\github\physically-based-modelling\ballbouncing_simloop\ballbouncing\source.cpp(51): warning C4838: conversion from 'double' to 'GLfloat' requires a narrowing conversion
c:\users\sai3097ganesh\documents\github\physically-based-modelling\ballbouncing_simloop\ballbouncing\source.cpp(52): warning C4838: conversion from 'double' to 'GLfloat' requires a narrowing conversion
c:\users\sai3097ganesh\documents\github\physically-based-modelling\ballbouncing_simloop\ballbouncing\source.cpp(53): warning C4838: conversion from 'double' to 'GLfloat' requires a narrowing conversion
c:\users\sai3097ganesh\documents\github\physically-based-modelling\ballbouncing_simloop\ballbouncing\source.cpp(54): warning C4838: conversion from 'double' to 'GLfloat' requires a narrowing conversion
c:\users\sai3097ganesh\documents\github\physically-based-modelling\ballbouncing_simloop\ballbouncing\source.cpp(56): warning C4838: conversion from 'double' to 'GLfloat' requires a narrowing conversion
c:\users\sai3097ganesh\documents\github\physically-based-modelling\ballbouncing_simloop\ballbouncing\source.cpp(57): warning C4838: conversion from 'double' to 'GLfloat' requires a narrowing conversion
c:\users\sai3097ganesh\documents\github\physically-based-modelling\ballbouncing_simloop\ballbouncing\source.cpp(59): warning C4838: conversion from 'double' to 'GLfloat' requires a narrowing conversion
c:\users\sai3097ganesh\documents\github\physically-based-modelling\ballbouncing_simloop\ballbouncing\source.cpp(60): warning C4838: conversion from 'double' to 'GLfloat' requires a narrowing conversion
c:\users\sai3097ganesh\documents\github\physically-based-modelling\ballbouncing_simloop\ballbouncing\source.cpp(61): warning C4838: conversion from 'double' to 'GLfloat' requires a narrowing conversion
c:\users\sai3097ganesh\documents\github\physically-based-modelling\ballbouncing_simloop\ballbouncing\source.cpp(155): warning C4838: conversion from 'double' to 'GLfloat' requires a narrowing conversion
c:\users\sai3097ganesh\documents\github\physically-based-modelling\ballbouncing_simloop\ballbouncing\source.cpp(216): warning C4838: conversion from 'double' to 'GLfloat' requires a narrowing conversion
c:\users\sai3097ganesh\documents\github\physically-based-modelling\ballbouncing_simloop\ballbouncing\source.cpp(549): warning C4473: 'scanf_s' : not enough arguments passed for format string
  c:\users\sai3097ganesh\documents\github\physically-based-modelling\ballbouncing_simloop\ballbouncing\source.cpp(549): note: placeholders and their parameters expect 2 variadic arguments, but 1 were provided
  c:\users\sai3097ganesh\documents\github\physically-based-modelling\ballbouncing_simloop\ballbouncing\source.cpp(549): note: the missing variadic argument 2 is required by format string '%c'
  c:\users\sai3097ganesh\documents\github\physically-based-modelling\ballbouncing_simloop\ballbouncing\source.cpp(549): note: this argument is used as a buffer size
c:\users\sai3097ganesh\documents\github\physically-based-modelling\ballbouncing_simloop\ballbouncing\source.cpp(588): error C2784: 'std::_Vb_iterator<_Alloc> std::operator +(_Alloc::difference_type,std::_Vb_iterator<_Alloc>)': could not deduce template argument for 'std::_Vb_iterator<_Alloc>' from 'std::vector<int,std::allocator<_Ty>>'
          with
          [
              _Ty=int
          ]
  c:\program files (x86)\microsoft visual studio 14.0\vc\include\vector(2310): note: see declaration of 'std::operator +'
c:\users\sai3097ganesh\documents\github\physically-based-modelling\ballbouncing_simloop\ballbouncing\source.cpp(588): error C2784: 'std::_Vb_const_iterator<_Alloc> std::operator +(_Alloc::difference_type,std::_Vb_const_iterator<_Alloc>)': could not deduce template argument for 'std::_Vb_const_iterator<_Alloc>' from 'std::vector<int,std::allocator<_Ty>>'
          with
          [
              _Ty=int
          ]
  c:\program files (x86)\microsoft visual studio 14.0\vc\include\vector(2203): note: see declaration of 'std::operator +'
c:\users\sai3097ganesh\documents\github\physically-based-modelling\ballbouncing_simloop\ballbouncing\source.cpp(588): error C2784: 'std::_Vector_iterator<_Myvec> std::operator +(_Vector_iterator<_Myvec>::difference_type,std::_Vector_iterator<_Myvec>)': could not deduce template argument for 'std::_Vector_iterator<_Myvec>' from 'std::vector<int,std::allocator<_Ty>>'
          with
          [
              _Ty=int
          ]
  c:\program files (x86)\microsoft visual studio 14.0\vc\include\vector(416): note: see declaration of 'std::operator +'
c:\users\sai3097ganesh\documents\github\physically-based-modelling\ballbouncing_simloop\ballbouncing\source.cpp(588): error C2784: 'std::_Vector_const_iterator<_Myvec> std::operator +(_Vector_const_iterator<_Myvec>::difference_type,std::_Vector_const_iterator<_Myvec>)': could not deduce template argument for 'std::_Vector_const_iterator<_Myvec>' from 'std::vector<int,std::allocator<_Ty>>'
          with
          [
              _Ty=int
          ]
  c:\program files (x86)\microsoft visual studio 14.0\vc\include\vector(285): note: see declaration of 'std::operator +'
c:\users\sai3097ganesh\documents\github\physically-based-modelling\ballbouncing_simloop\ballbouncing\source.cpp(588): error C2784: 'std::basic_string<_Elem,_Traits,_Alloc> std::operator +(std::basic_string<_Elem,_Traits,_Alloc> &&,const _Elem)': could not deduce template argument for 'std::basic_string<_Elem,_Traits,_Alloc> &&' from 'std::vector<int,std::allocator<_Ty>>'
          with
          [
              _Ty=int
          ]
  c:\program files (x86)\microsoft visual studio 14.0\vc\include\xstring(2446): note: see declaration of 'std::operator +'
c:\users\sai3097ganesh\documents\github\physically-based-modelling\ballbouncing_simloop\ballbouncing\source.cpp(588): error C2784: 'std::basic_string<_Elem,_Traits,_Alloc> std::operator +(std::basic_string<_Elem,_Traits,_Alloc> &&,const _Elem *)': could not deduce template argument for 'std::basic_string<_Elem,_Traits,_Alloc> &&' from 'std::vector<int,std::allocator<_Ty>>'
          with
          [
              _Ty=int
          ]
  c:\program files (x86)\microsoft visual studio 14.0\vc\include\xstring(2436): note: see declaration of 'std::operator +'
c:\users\sai3097ganesh\documents\github\physically-based-modelling\ballbouncing_simloop\ballbouncing\source.cpp(588): error C2784: 'std::basic_string<_Elem,_Traits,_Alloc> std::operator +(const _Elem,std::basic_string<_Elem,_Traits,_Alloc> &&)': could not deduce template argument for 'std::basic_string<_Elem,_Traits,_Alloc> &&' from 'std::vector<int,std::allocator<_Ty>>'
          with
          [
              _Ty=int
          ]
  c:\program files (x86)\microsoft visual studio 14.0\vc\include\xstring(2424): note: see declaration of 'std::operator +'
c:\users\sai3097ganesh\documents\github\physically-based-modelling\ballbouncing_simloop\ballbouncing\source.cpp(588): error C2784: 'std::basic_string<_Elem,_Traits,_Alloc> std::operator +(const _Elem *,std::basic_string<_Elem,_Traits,_Alloc> &&)': could not deduce template argument for 'const _Elem *' from 'std::vector<int,std::allocator<_Ty>>'
          with
          [
              _Ty=int
          ]
  c:\program files (x86)\microsoft visual studio 14.0\vc\include\xstring(2414): note: see declaration of 'std::operator +'
c:\users\sai3097ganesh\documents\github\physically-based-modelling\ballbouncing_simloop\ballbouncing\source.cpp(588): error C2784: 'std::basic_string<_Elem,_Traits,_Alloc> std::operator +(std::basic_string<_Elem,_Traits,_Alloc> &&,std::basic_string<_Elem,_Traits,_Alloc> &&)': could not deduce template argument for 'std::basic_string<_Elem,_Traits,_Alloc> &&' from 'std::vector<int,std::allocator<_Ty>>'
          with
          [
              _Ty=int
          ]
  c:\program files (x86)\microsoft visual studio 14.0\vc\include\xstring(2400): note: see declaration of 'std::operator +'
c:\users\sai3097ganesh\documents\github\physically-based-modelling\ballbouncing_simloop\ballbouncing\source.cpp(588): error C2784: 'std::basic_string<_Elem,_Traits,_Alloc> std::operator +(std::basic_string<_Elem,_Traits,_Alloc> &&,const std::basic_string<_Elem,_Traits,_Alloc> &)': could not deduce template argument for 'std::basic_string<_Elem,_Traits,_Alloc> &&' from 'std::vector<int,std::allocator<_Ty>>'
          with
          [
              _Ty=int
          ]
  c:\program files (x86)\microsoft visual studio 14.0\vc\include\xstring(2390): note: see declaration of 'std::operator +'
c:\users\sai3097ganesh\documents\github\physically-based-modelling\ballbouncing_simloop\ballbouncing\source.cpp(588): error C2784: 'std::basic_string<_Elem,_Traits,_Alloc> std::operator +(const std::basic_string<_Elem,_Traits,_Alloc> &,std::basic_string<_Elem,_Traits,_Alloc> &&)': could not deduce template argument for 'const std::basic_string<_Elem,_Traits,_Alloc> &' from 'std::vector<int,std::allocator<_Ty>>'
          with
          [
              _Ty=int
          ]
  c:\program files (x86)\microsoft visual studio 14.0\vc\include\xstring(2380): note: see declaration of 'std::operator +'
c:\users\sai3097ganesh\documents\github\physically-based-modelling\ballbouncing_simloop\ballbouncing\source.cpp(588): error C2784: 'std::basic_string<_Elem,_Traits,_Alloc> std::operator +(const std::basic_string<_Elem,_Traits,_Alloc> &,const _Elem)': could not deduce template argument for 'const std::basic_string<_Elem,_Traits,_Alloc> &' from 'std::vector<int,std::allocator<_Ty>>'
          with
          [
              _Ty=int
          ]
  c:\program files (x86)\microsoft visual studio 14.0\vc\include\xstring(2366): note: see declaration of 'std::operator +'
c:\users\sai3097ganesh\documents\github\physically-based-modelling\ballbouncing_simloop\ballbouncing\source.cpp(588): error C2784: 'std::basic_string<_Elem,_Traits,_Alloc> std::operator +(const std::basic_string<_Elem,_Traits,_Alloc> &,const _Elem *)': could not deduce template argument for 'const std::basic_string<_Elem,_Traits,_Alloc> &' from 'std::vector<int,std::allocator<_Ty>>'
          with
          [
              _Ty=int
          ]
  c:\program files (x86)\microsoft visual studio 14.0\vc\include\xstring(2352): note: see declaration of 'std::operator +'
c:\users\sai3097ganesh\documents\github\physically-based-modelling\ballbouncing_simloop\ballbouncing\source.cpp(588): error C2784: 'std::basic_string<_Elem,_Traits,_Alloc> std::operator +(const _Elem,const std::basic_string<_Elem,_Traits,_Alloc> &)': could not deduce template argument for 'const std::basic_string<_Elem,_Traits,_Alloc> &' from 'std::vector<int,std::allocator<_Ty>>'
          with
          [
              _Ty=int
          ]
  c:\program files (x86)\microsoft visual studio 14.0\vc\include\xstring(2338): note: see declaration of 'std::operator +'
c:\users\sai3097ganesh\documents\github\physically-based-modelling\ballbouncing_simloop\ballbouncing\source.cpp(588): error C2784: 'std::basic_string<_Elem,_Traits,_Alloc> std::operator +(const _Elem *,const std::basic_string<_Elem,_Traits,_Alloc> &)': could not deduce template argument for 'const _Elem *' from 'std::vector<int,std::allocator<_Ty>>'
          with
          [
              _Ty=int
          ]
  c:\program files (x86)\microsoft visual studio 14.0\vc\include\xstring(2324): note: see declaration of 'std::operator +'
c:\users\sai3097ganesh\documents\github\physically-based-modelling\ballbouncing_simloop\ballbouncing\source.cpp(588): error C2784: 'std::basic_string<_Elem,_Traits,_Alloc> std::operator +(const std::basic_string<_Elem,_Traits,_Alloc> &,const std::basic_string<_Elem,_Traits,_Alloc> &)': could not deduce template argument for 'const std::basic_string<_Elem,_Traits,_Alloc> &' from 'std::vector<int,std::allocator<_Ty>>'
          with
          [
              _Ty=int
          ]
  c:\program files (x86)\microsoft visual studio 14.0\vc\include\xstring(2310): note: see declaration of 'std::operator +'
c:\users\sai3097ganesh\documents\github\physically-based-modelling\ballbouncing_simloop\ballbouncing\source.cpp(588): error C2784: 'std::_String_iterator<_Mystr> std::operator +(_String_iterator<_Mystr>::difference_type,std::_String_iterator<_Mystr>)': could not deduce template argument for 'std::_String_iterator<_Mystr>' from 'std::vector<int,std::allocator<_Ty>>'
          with
          [
              _Ty=int
          ]
  c:\program files (x86)\microsoft visual studio 14.0\vc\include\xstring(425): note: see declaration of 'std::operator +'
c:\users\sai3097ganesh\documents\github\physically-based-modelling\ballbouncing_simloop\ballbouncing\source.cpp(588): error C2784: 'std::_String_const_iterator<_Mystr> std::operator +(_String_const_iterator<_Mystr>::difference_type,std::_String_const_iterator<_Mystr>)': could not deduce template argument for 'std::_String_const_iterator<_Mystr>' from 'std::vector<int,std::allocator<_Ty>>'
          with
          [
              _Ty=int
          ]
  c:\program files (x86)\microsoft visual studio 14.0\vc\include\xstring(293): note: see declaration of 'std::operator +'
c:\users\sai3097ganesh\documents\github\physically-based-modelling\ballbouncing_simloop\ballbouncing\source.cpp(588): error C2784: 'std::move_iterator<_RanIt> std::operator +(_Diff,const std::move_iterator<_RanIt> &)': could not deduce template argument for 'const std::move_iterator<_RanIt> &' from 'std::vector<int,std::allocator<_Ty>>'
          with
          [
              _Ty=int
          ]
  c:\program files (x86)\microsoft visual studio 14.0\vc\include\xutility(2195): note: see declaration of 'std::operator +'
c:\users\sai3097ganesh\documents\github\physically-based-modelling\ballbouncing_simloop\ballbouncing\source.cpp(588): error C2784: 'std::_Array_iterator<_Ty,_Size> std::operator +(_Array_iterator<_Ty,_Size>::difference_type,std::_Array_iterator<_Ty,_Size>)': could not deduce template argument for 'std::_Array_iterator<_Ty,_Size>' from 'std::vector<int,std::allocator<_Ty>>'
          with
          [
              _Ty=int
          ]
  c:\program files (x86)\microsoft visual studio 14.0\vc\include\xutility(2046): note: see declaration of 'std::operator +'
c:\users\sai3097ganesh\documents\github\physically-based-modelling\ballbouncing_simloop\ballbouncing\source.cpp(588): error C2784: 'std::_Array_const_iterator<_Ty,_Size> std::operator +(_Array_const_iterator<_Ty,_Size>::difference_type,std::_Array_const_iterator<_Ty,_Size>)': could not deduce template argument for 'std::_Array_const_iterator<_Ty,_Size>' from 'std::vector<int,std::allocator<_Ty>>'
          with
          [
              _Ty=int
          ]
  c:\program files (x86)\microsoft visual studio 14.0\vc\include\xutility(1910): note: see declaration of 'std::operator +'
c:\users\sai3097ganesh\documents\github\physically-based-modelling\ballbouncing_simloop\ballbouncing\source.cpp(588): error C2784: 'std::reverse_iterator<_RanIt> std::operator +(reverse_iterator<_RanIt>::difference_type,const std::reverse_iterator<_RanIt> &)': could not deduce template argument for 'const std::reverse_iterator<_RanIt> &' from 'std::vector<int,std::allocator<_Ty>>'
          with
          [
              _Ty=int
          ]
  c:\program files (x86)\microsoft visual studio 14.0\vc\include\xutility(1280): note: see declaration of 'std::operator +'
c:\users\sai3097ganesh\documents\github\physically-based-modelling\ballbouncing_simloop\ballbouncing\source.cpp(588): error C2676: binary '+': 'std::vector<int,std::allocator<_Ty>>' does not define this operator or a conversion to a type acceptable to the predefined operator
          with
          [
              _Ty=int
          ]
c:\users\sai3097ganesh\documents\github\physically-based-modelling\ballbouncing_simloop\ballbouncing\source.cpp(588): warning C4473: 'printf' : not enough arguments passed for format string
  c:\users\sai3097ganesh\documents\github\physically-based-modelling\ballbouncing_simloop\ballbouncing\source.cpp(588): note: placeholders and their parameters expect 1 variadic arguments, but 0 were provided
  c:\users\sai3097ganesh\documents\github\physically-based-modelling\ballbouncing_simloop\ballbouncing\source.cpp(588): note: the missing variadic argument 1 is required by format string '%d'
